Using pre-set license
Built from '2022.3/staging' branch; Version is '2022.3.7f1 (b16b3b16c7a0) revision 11627323'; Using compiler version '192829333'; Build Type 'Release'
OS: 'Windows 11  (10.0.22621) 64bit CoreSingleLanguage' Language: 'en' Physical Memory: 32547 MB
BatchMode: 1, IsHumanControllingUs: 0, StartBugReporterOnCrash: 0, Is64bit: 1, IsPro: 1

COMMAND LINE ARGUMENTS:
C:\Program Files\Unity\Hub\Editor\2022.3.7f1\Editor\Unity.exe
-adb2
-batchMode
-noUpm
-name
AssetImportWorker1
-projectPath
D:/Game Project/Forest Guardian
-logFile
Logs/AssetImportWorker1.log
-srvPort
58483
Successfully changed project path to: D:/Game Project/Forest Guardian
D:/Game Project/Forest Guardian
[UnityMemory] Configuration Parameters - Can be set up in boot.config
    "memorysetup-bucket-allocator-granularity=16"
    "memorysetup-bucket-allocator-bucket-count=8"
    "memorysetup-bucket-allocator-block-size=33554432"
    "memorysetup-bucket-allocator-block-count=8"
    "memorysetup-main-allocator-block-size=16777216"
    "memorysetup-thread-allocator-block-size=16777216"
    "memorysetup-gfx-main-allocator-block-size=16777216"
    "memorysetup-gfx-thread-allocator-block-size=16777216"
    "memorysetup-cache-allocator-block-size=4194304"
    "memorysetup-typetree-allocator-block-size=2097152"
    "memorysetup-profiler-bucket-allocator-granularity=16"
    "memorysetup-profiler-bucket-allocator-bucket-count=8"
    "memorysetup-profiler-bucket-allocator-block-size=33554432"
    "memorysetup-profiler-bucket-allocator-block-count=8"
    "memorysetup-profiler-allocator-block-size=16777216"
    "memorysetup-profiler-editor-allocator-block-size=1048576"
    "memorysetup-temp-allocator-size-main=16777216"
    "memorysetup-job-temp-allocator-block-size=2097152"
    "memorysetup-job-temp-allocator-block-size-background=1048576"
    "memorysetup-job-temp-allocator-reduction-small-platforms=262144"
    "memorysetup-allocator-temp-initial-block-size-main=262144"
    "memorysetup-allocator-temp-initial-block-size-worker=262144"
    "memorysetup-temp-allocator-size-background-worker=32768"
    "memorysetup-temp-allocator-size-job-worker=262144"
    "memorysetup-temp-allocator-size-preload-manager=33554432"
    "memorysetup-temp-allocator-size-nav-mesh-worker=65536"
    "memorysetup-temp-allocator-size-audio-worker=65536"
    "memorysetup-temp-allocator-size-cloud-worker=32768"
    "memorysetup-temp-allocator-size-gi-baking-worker=262144"
    "memorysetup-temp-allocator-size-gfx=262144"
Player connection [57568] Host "[IP] 192.168.56.1 [Port] 0 [Flags] 2 [Guid] 3333014316 [EditorId] 3333014316 [Version] 1048832 [Id] WindowsEditor(7,DRYAND) [Debug] 1 [PackageName] WindowsEditor [ProjectName] Editor" joined multi-casting on [225.0.0.222:54997]...

Player connection [57568] Host "[IP] 192.168.56.1 [Port] 0 [Flags] 2 [Guid] 3333014316 [EditorId] 3333014316 [Version] 1048832 [Id] WindowsEditor(7,DRYAND) [Debug] 1 [PackageName] WindowsEditor [ProjectName] Editor" joined alternative multi-casting on [225.0.0.222:34997]...

Refreshing native plugins compatible for Editor in 5.44 ms, found 3 plugins.
Preloading 0 native plugins for Editor in 0.00 ms.
Initialize engine version: 2022.3.7f1 (b16b3b16c7a0)
[Subsystems] Discovering subsystems at path C:/Program Files/Unity/Hub/Editor/2022.3.7f1/Editor/Data/Resources/UnitySubsystems
[Subsystems] Discovering subsystems at path D:/Game Project/Forest Guardian/Assets
GfxDevice: creating device client; threaded=0; jobified=0
Direct3D:
    Version:  Direct3D 11.0 [level 11.1]
    Renderer: NVIDIA GeForce RTX 3060 Laptop GPU (ID=0x2520)
    Vendor:   NVIDIA
    VRAM:     6010 MB
    Driver:   31.0.15.4584
Initialize mono
Mono path[0] = 'C:/Program Files/Unity/Hub/Editor/2022.3.7f1/Editor/Data/Managed'
Mono path[1] = 'C:/Program Files/Unity/Hub/Editor/2022.3.7f1/Editor/Data/MonoBleedingEdge/lib/mono/unityjit-win32'
Mono config path = 'C:/Program Files/Unity/Hub/Editor/2022.3.7f1/Editor/Data/MonoBleedingEdge/etc'
Using monoOptions --debugger-agent=transport=dt_socket,embedding=1,server=y,suspend=n,address=127.0.0.1:56556
Begin MonoManager ReloadAssembly
Registering precompiled unity dll's ...
Register platform support module: C:/Program Files/Unity/Hub/Editor/2022.3.7f1/Editor/Data/PlaybackEngines/WebGLSupport/UnityEditor.WebGL.Extensions.dll
Register platform support module: C:/Program Files/Unity/Hub/Editor/2022.3.7f1/Editor/Data/PlaybackEngines/WindowsStandaloneSupport/UnityEditor.WindowsStandalone.Extensions.dll
Registered in 0.011201 seconds.
- Loaded All Assemblies, in  0.355 seconds
Native extension for WindowsStandalone target not found
Native extension for WebGL target not found
Mono: successfully reloaded assembly
- Finished resetting the current domain, in  0.251 seconds
Domain Reload Profiling: 605ms
	BeginReloadAssembly (109ms)
		ExecutionOrderSort (0ms)
		DisableScriptedObjects (0ms)
		BackupInstance (0ms)
		ReleaseScriptingObjects (0ms)
		CreateAndSetChildDomain (1ms)
	RebuildCommonClasses (36ms)
	RebuildNativeTypeToScriptingClass (10ms)
	initialDomainReloadingComplete (60ms)
	LoadAllAssembliesAndSetupDomain (138ms)
		LoadAssemblies (106ms)
		RebuildTransferFunctionScriptingTraits (0ms)
		AnalyzeDomain (136ms)
			TypeCache.Refresh (134ms)
				TypeCache.ScanAssembly (120ms)
			ScanForSourceGeneratedMonoScriptInfo (0ms)
			ResolveRequiredComponents (1ms)
	FinalizeReload (252ms)
		ReleaseScriptCaches (0ms)
		RebuildScriptCaches (0ms)
		SetupLoadedEditorAssemblies (193ms)
			LogAssemblyErrors (0ms)
			InitializePlatformSupportModulesInManaged (12ms)
			SetLoadedEditorAssemblies (6ms)
			RefreshPlugins (0ms)
			BeforeProcessingInitializeOnLoad (2ms)
			ProcessInitializeOnLoadAttributes (127ms)
			ProcessInitializeOnLoadMethodAttributes (47ms)
			AfterProcessingInitializeOnLoad (0ms)
			EditorAssembliesLoaded (0ms)
		ExecutionOrderSort2 (0ms)
		AwakeInstancesAfterBackupRestoration (0ms)
========================================================================
Worker process is ready to serve import requests
Begin MonoManager ReloadAssembly
Symbol file LoadedFromMemory doesn't match image D:\Game Project\Forest Guardian\Library\PackageCache\com.unity.visualscripting@1.8.0\Editor\VisualScripting.Core\Dependencies\YamlDotNet\Unity.VisualScripting.YamlDotNet.dll
Symbol file LoadedFromMemory doesn't match image D:\Game Project\Forest Guardian\Library\PackageCache\com.unity.visualscripting@1.8.0\Editor\VisualScripting.Core\Dependencies\DotNetZip\Unity.VisualScripting.IonicZip.dll
- Loaded All Assemblies, in  0.588 seconds
Refreshing native plugins compatible for Editor in 1.87 ms, found 3 plugins.
Native extension for WindowsStandalone target not found
Native extension for WebGL target not found
Mono: successfully reloaded assembly
- Finished resetting the current domain, in  0.521 seconds
Domain Reload Profiling: 1107ms
	BeginReloadAssembly (144ms)
		ExecutionOrderSort (0ms)
		DisableScriptedObjects (5ms)
		BackupInstance (0ms)
		ReleaseScriptingObjects (0ms)
		CreateAndSetChildDomain (21ms)
	RebuildCommonClasses (33ms)
	RebuildNativeTypeToScriptingClass (12ms)
	initialDomainReloadingComplete (36ms)
	LoadAllAssembliesAndSetupDomain (360ms)
		LoadAssemblies (272ms)
		RebuildTransferFunctionScriptingTraits (0ms)
		AnalyzeDomain (173ms)
			TypeCache.Refresh (152ms)
				TypeCache.ScanAssembly (135ms)
			ScanForSourceGeneratedMonoScriptInfo (15ms)
			ResolveRequiredComponents (5ms)
	FinalizeReload (521ms)
		ReleaseScriptCaches (0ms)
		RebuildScriptCaches (0ms)
		SetupLoadedEditorAssemblies (373ms)
			LogAssemblyErrors (0ms)
			InitializePlatformSupportModulesInManaged (9ms)
			SetLoadedEditorAssemblies (5ms)
			RefreshPlugins (0ms)
			BeforeProcessingInitializeOnLoad (60ms)
			ProcessInitializeOnLoadAttributes (267ms)
			ProcessInitializeOnLoadMethodAttributes (23ms)
			AfterProcessingInitializeOnLoad (9ms)
			EditorAssembliesLoaded (0ms)
		ExecutionOrderSort2 (0ms)
		AwakeInstancesAfterBackupRestoration (8ms)
Launched and connected shader compiler UnityShaderCompiler.exe after 0.05 seconds
Refreshing native plugins compatible for Editor in 2.32 ms, found 3 plugins.
Preloading 0 native plugins for Editor in 0.00 ms.
Unloading 3167 Unused Serialized files (Serialized files now loaded: 0)
Unloading 33 unused Assets / (29.1 KB). Loaded Objects now: 3653.
Memory consumption went from 135.3 MB to 135.3 MB.
Total: 4.618100 ms (FindLiveObjects: 0.391900 ms CreateObjectMapping: 0.208400 ms MarkObjects: 3.912700 ms  DeleteObjects: 0.103500 ms)

AssetImportParameters requested are different than current active one (requested -> active):
  custom:container-demuxer-ogg: 62fdf1f143b41e24485cea50d1cbac27 -> 
  custom:video-decoder-ogg-theora: a1e56fd34408186e4bbccfd4996cb3dc -> 
  custom:framework-win-MediaFoundation: 216162199b28c13a410421893ffa2e32 -> 
  custom:CustomObjectIndexerAttribute: 756ad292c208cfabdd7b50bc23989ffe -> 
  custom:container-demuxer-webm: 4f35f7cbe854078d1ac9338744f61a02 -> 
  custom:container-muxer-webm: aa71ff27fc2769a1b78a27578f13a17b -> 
  custom:video-decoder-webm-vp8: 9c59270c3fd7afecdb556c50c9e8de78 -> 
  custom:SearchIndexIgnoredProperties: e643bd26f0fe6173181afceb89e7c659 -> 
  custom:AudioImporter_EditorPlatform: d09bf68614088b80899f8185d706f6e7 -> 
  custom:video-encoder-webm-vp8: eb34c28f22e8b96e1ab97ce403110664 -> 
  custom:audio-decoder-ogg-vorbis: bf7c407c2cedff20999df2af8eb42d56 -> 
  custom:audio-encoder-webm-vorbis: bf7c407c2cedff20999df2af8eb42d56 -> 
========================================================================
Received Import Request.
  Time since last request: 913236.644009 seconds.
  path: Assets/Assets/Tasty_Characters - Sea Pack/Assets
  artifactKey: Guid(65d73008e70749a4b80abbf917df26f8) Importer(815301076,1909f56bfc062723c751e8b465ee728b)
Start importing Assets/Assets/Tasty_Characters - Sea Pack/Assets using Guid(65d73008e70749a4b80abbf917df26f8) Importer(815301076,1909f56bfc062723c751e8b465ee728b)  -> (artifact id: 'f66a6a8e6d61e8e87b856f8702b6e92a') in 0.003235 seconds
Number of updated asset objects reloaded before import = 0
Number of asset objects unloaded after import = 0
========================================================================
Received Import Request.
  Time since last request: 0.000036 seconds.
  path: Assets/Assets/Tasty_Characters - Sea Pack
  artifactKey: Guid(72ccf873d7da01c448fc4afbcd346874) Importer(815301076,1909f56bfc062723c751e8b465ee728b)
Start importing Assets/Assets/Tasty_Characters - Sea Pack using Guid(72ccf873d7da01c448fc4afbcd346874) Importer(815301076,1909f56bfc062723c751e8b465ee728b)  -> (artifact id: '14f064d0af5c2b13a76c54212aa41d0e') in 0.000717 seconds
Number of updated asset objects reloaded before import = 0
Number of asset objects unloaded after import = 0
========================================================================
Received Import Request.
  Time since last request: 0.421279 seconds.
  path: Assets/Assets/Tasty_Characters - Sea Pack/Assets/Prefabs/Chara_01.prefab
  artifactKey: Guid(f4b75e651985c9c4f9d577c6d7efe1fb) Importer(815301076,1909f56bfc062723c751e8b465ee728b)
Start importing Assets/Assets/Tasty_Characters - Sea Pack/Assets/Prefabs/Chara_01.prefab using Guid(f4b75e651985c9c4f9d577c6d7efe1fb) Importer(815301076,1909f56bfc062723c751e8b465ee728b)  -> (artifact id: '37037a1651f49444a4c2575bfb1a9510') in 0.111101 seconds
Number of updated asset objects reloaded before import = 0
Number of asset objects unloaded after import = 63
========================================================================
Received Import Request.
  Time since last request: 0.000021 seconds.
  path: Assets/Assets/Tasty_Characters - Sea Pack/Assets/Prefabs/Chara_15.prefab
  artifactKey: Guid(6850d113ae4e83146a4d2ac7b23fca17) Importer(815301076,1909f56bfc062723c751e8b465ee728b)
Start importing Assets/Assets/Tasty_Characters - Sea Pack/Assets/Prefabs/Chara_15.prefab using Guid(6850d113ae4e83146a4d2ac7b23fca17) Importer(815301076,1909f56bfc062723c751e8b465ee728b)  -> (artifact id: '6d0d90c5c665f5e1c9f614fad864ae5d') in 0.033337 seconds
Number of updated asset objects reloaded before import = 0
Number of asset objects unloaded after import = 57
========================================================================
Received Import Request.
  Time since last request: 0.000028 seconds.
  path: Assets/Assets/Tasty_Characters - Sea Pack/Assets/Prefabs/Chara_07.prefab
  artifactKey: Guid(3d58bdebd599eed4f81f59438a1920d2) Importer(815301076,1909f56bfc062723c751e8b465ee728b)
Start importing Assets/Assets/Tasty_Characters - Sea Pack/Assets/Prefabs/Chara_07.prefab using Guid(3d58bdebd599eed4f81f59438a1920d2) Importer(815301076,1909f56bfc062723c751e8b465ee728b)  -> (artifact id: '78cf613e0be817e6c61628df86400944') in 0.021406 seconds
Number of updated asset objects reloaded before import = 0
Number of asset objects unloaded after import = 50
========================================================================
Received Import Request.
  Time since last request: 0.000021 seconds.
  path: Assets/Assets/Tasty_Characters - Sea Pack/Assets/Prefabs/Chara_14.prefab
  artifactKey: Guid(d43f38fc1456e574589ba6f37f268767) Importer(815301076,1909f56bfc062723c751e8b465ee728b)
Start importing Assets/Assets/Tasty_Characters - Sea Pack/Assets/Prefabs/Chara_14.prefab using Guid(d43f38fc1456e574589ba6f37f268767) Importer(815301076,1909f56bfc062723c751e8b465ee728b)  -> (artifact id: '5f30e731b3a50b10f5135b614beec0d6') in 0.020890 seconds
Number of updated asset objects reloaded before import = 0
Number of asset objects unloaded after import = 45
========================================================================
Received Import Request.
  Time since last request: 0.000025 seconds.
  path: Assets/Assets/Tasty_Characters - Sea Pack/Assets/Prefabs/Chara_11.prefab
  artifactKey: Guid(b6751b974cd1ee84db005e2060f003dc) Importer(815301076,1909f56bfc062723c751e8b465ee728b)
Start importing Assets/Assets/Tasty_Characters - Sea Pack/Assets/Prefabs/Chara_11.prefab using Guid(b6751b974cd1ee84db005e2060f003dc) Importer(815301076,1909f56bfc062723c751e8b465ee728b)  -> (artifact id: '3470dc0974f1a7dc246c0969b62cf84a') in 0.021895 seconds
Number of updated asset objects reloaded before import = 0
Number of asset objects unloaded after import = 54
========================================================================
Received Import Request.
  Time since last request: 0.000031 seconds.
  path: Assets/Assets/Tasty_Characters - Sea Pack/Assets/Prefabs/Chara_03.prefab
  artifactKey: Guid(9112def249153d04aa5c49f51250a538) Importer(815301076,1909f56bfc062723c751e8b465ee728b)
Start importing Assets/Assets/Tasty_Characters - Sea Pack/Assets/Prefabs/Chara_03.prefab using Guid(9112def249153d04aa5c49f51250a538) Importer(815301076,1909f56bfc062723c751e8b465ee728b)  -> (artifact id: 'ec86d4ba517c6aa28b2e30cdc118493c') in 0.030038 seconds
Number of updated asset objects reloaded before import = 0
Number of asset objects unloaded after import = 58
========================================================================
Received Import Request.
  Time since last request: 0.000018 seconds.
  path: Assets/Assets/Tasty_Characters - Sea Pack/Assets/Prefabs/Chara_10.prefab
  artifactKey: Guid(d403225c7f3b299439eb4a2c815223c8) Importer(815301076,1909f56bfc062723c751e8b465ee728b)
Start importing Assets/Assets/Tasty_Characters - Sea Pack/Assets/Prefabs/Chara_10.prefab using Guid(d403225c7f3b299439eb4a2c815223c8) Importer(815301076,1909f56bfc062723c751e8b465ee728b)  -> (artifact id: '72e780420f12efdd00c47cf609f6879b') in 0.019453 seconds
Number of updated asset objects reloaded before import = 0
Number of asset objects unloaded after import = 50
========================================================================
Received Import Request.
  Time since last request: 0.000020 seconds.
  path: Assets/Assets/Tasty_Characters - Sea Pack/Assets/Prefabs/Chara_12.prefab
  artifactKey: Guid(48cb7664e6969be4bbd042d7b84a319b) Importer(815301076,1909f56bfc062723c751e8b465ee728b)
Start importing Assets/Assets/Tasty_Characters - Sea Pack/Assets/Prefabs/Chara_12.prefab using Guid(48cb7664e6969be4bbd042d7b84a319b) Importer(815301076,1909f56bfc062723c751e8b465ee728b)  -> (artifact id: 'da298de57d5fca1843dfe23f94bec862') in 0.021993 seconds
Number of updated asset objects reloaded before import = 0
Number of asset objects unloaded after import = 52
========================================================================
Received Import Request.
  Time since last request: 2.123026 seconds.
  path: Assets/Assets/Tasty_Characters - Sea Pack/Assets/Prefabs/References/CharaRef_01.prefab
  artifactKey: Guid(f56666f5c2ea287428f48cd90c7a7e6c) Importer(815301076,1909f56bfc062723c751e8b465ee728b)
Start importing Assets/Assets/Tasty_Characters - Sea Pack/Assets/Prefabs/References/CharaRef_01.prefab using Guid(f56666f5c2ea287428f48cd90c7a7e6c) Importer(815301076,1909f56bfc062723c751e8b465ee728b)  -> (artifact id: 'c894ac0d501903e39ddafd0cf8cff41e') in 0.015284 seconds
Number of updated asset objects reloaded before import = 0
Number of asset objects unloaded after import = 7
========================================================================
Received Import Request.
  Time since last request: 0.000018 seconds.
  path: Assets/Assets/Tasty_Characters - Sea Pack/Assets/Prefabs/References/CharaRef_05.prefab
  artifactKey: Guid(b534f6712d7673840b5ef30a4b42edee) Importer(815301076,1909f56bfc062723c751e8b465ee728b)
Start importing Assets/Assets/Tasty_Characters - Sea Pack/Assets/Prefabs/References/CharaRef_05.prefab using Guid(b534f6712d7673840b5ef30a4b42edee) Importer(815301076,1909f56bfc062723c751e8b465ee728b)  -> (artifact id: '1ff009d1a9fb29ef071f03dfd6df1529') in 0.024487 seconds
Number of updated asset objects reloaded before import = 0
Number of asset objects unloaded after import = 7
========================================================================
Received Import Request.
  Time since last request: 0.000018 seconds.
  path: Assets/Assets/Tasty_Characters - Sea Pack/Assets/Prefabs/References/CharaRef_12.prefab
  artifactKey: Guid(11952da9ae693554f987e02d5266b16e) Importer(815301076,1909f56bfc062723c751e8b465ee728b)
Start importing Assets/Assets/Tasty_Characters - Sea Pack/Assets/Prefabs/References/CharaRef_12.prefab using Guid(11952da9ae693554f987e02d5266b16e) Importer(815301076,1909f56bfc062723c751e8b465ee728b)  -> (artifact id: 'be4336a0be1a72967e295d988c62efaf') in 0.031379 seconds
Number of updated asset objects reloaded before import = 0
Number of asset objects unloaded after import = 7
========================================================================
Received Import Request.
  Time since last request: 0.000086 seconds.
  path: Assets/Assets/Tasty_Characters - Sea Pack/Assets/Prefabs/References/CharaRef_07.prefab
  artifactKey: Guid(0a97c07663527b649b725faf57f5590d) Importer(815301076,1909f56bfc062723c751e8b465ee728b)
Start importing Assets/Assets/Tasty_Characters - Sea Pack/Assets/Prefabs/References/CharaRef_07.prefab using Guid(0a97c07663527b649b725faf57f5590d) Importer(815301076,1909f56bfc062723c751e8b465ee728b)  -> (artifact id: '68548003fc018c4a540f85e1408c2ffd') in 0.029310 seconds
Number of updated asset objects reloaded before import = 0
Number of asset objects unloaded after import = 7
========================================================================
Received Import Request.
  Time since last request: 0.000050 seconds.
  path: Assets/Assets/Tasty_Characters - Sea Pack/Assets/Prefabs/References/CharaRef_06.prefab
  artifactKey: Guid(66322713e8649504b8220514a9f64f84) Importer(815301076,1909f56bfc062723c751e8b465ee728b)
Start importing Assets/Assets/Tasty_Characters - Sea Pack/Assets/Prefabs/References/CharaRef_06.prefab using Guid(66322713e8649504b8220514a9f64f84) Importer(815301076,1909f56bfc062723c751e8b465ee728b)  -> (artifact id: 'e01f0b62e3752ea0b03514fba8f1a576') in 0.030145 seconds
Number of updated asset objects reloaded before import = 0
Number of asset objects unloaded after import = 7
========================================================================
Received Import Request.
  Time since last request: 0.000017 seconds.
  path: Assets/Assets/Tasty_Characters - Sea Pack/Assets/Prefabs/References/CharaRef_09.prefab
  artifactKey: Guid(47822b194a2ed404b8c4f66f3c2c367e) Importer(815301076,1909f56bfc062723c751e8b465ee728b)
Start importing Assets/Assets/Tasty_Characters - Sea Pack/Assets/Prefabs/References/CharaRef_09.prefab using Guid(47822b194a2ed404b8c4f66f3c2c367e) Importer(815301076,1909f56bfc062723c751e8b465ee728b)  -> (artifact id: '0f07069f2fd144ca2bd5f7677a7eb5b2') in 0.026970 seconds
Number of updated asset objects reloaded before import = 0
Number of asset objects unloaded after import = 7
========================================================================
Received Import Request.
  Time since last request: 0.000023 seconds.
  path: Assets/Assets/Tasty_Characters - Sea Pack/Assets/Prefabs/References/CharaRef_10.prefab
  artifactKey: Guid(bd496b28e0f0b1a43b517a82072a7c35) Importer(815301076,1909f56bfc062723c751e8b465ee728b)
Start importing Assets/Assets/Tasty_Characters - Sea Pack/Assets/Prefabs/References/CharaRef_10.prefab using Guid(bd496b28e0f0b1a43b517a82072a7c35) Importer(815301076,1909f56bfc062723c751e8b465ee728b)  -> (artifact id: '3e1f1a68aadd53a02e4cb1c3a5589673') in 0.015378 seconds
Number of updated asset objects reloaded before import = 0
Number of asset objects unloaded after import = 7
========================================================================
Received Import Request.
  Time since last request: 0.000019 seconds.
  path: Assets/Assets/Tasty_Characters - Sea Pack/Assets/Prefabs/References/CharaRef_14.prefab
  artifactKey: Guid(40e4278a57f11404583a38d4c5dd9b36) Importer(815301076,1909f56bfc062723c751e8b465ee728b)
Start importing Assets/Assets/Tasty_Characters - Sea Pack/Assets/Prefabs/References/CharaRef_14.prefab using Guid(40e4278a57f11404583a38d4c5dd9b36) Importer(815301076,1909f56bfc062723c751e8b465ee728b)  -> (artifact id: '02e9d4e6ae4b6c2fb0bf5c8d7dc87fff') in 0.025705 seconds
Number of updated asset objects reloaded before import = 0
Number of asset objects unloaded after import = 7
========================================================================
Received Import Request.
  Time since last request: 2023.495407 seconds.
  path: Assets/Assets/Characters/Hunter/PNG/Vector Parts/Body.png
  artifactKey: Guid(7fc317b6f7d2ee9428993a2a23602a08) Importer(815301076,1909f56bfc062723c751e8b465ee728b)
Start importing Assets/Assets/Characters/Hunter/PNG/Vector Parts/Body.png using Guid(7fc317b6f7d2ee9428993a2a23602a08) Importer(815301076,1909f56bfc062723c751e8b465ee728b)  -> (artifact id: '861de1a371ac36f66afdb22f72ccba6e') in 0.036629 seconds
Number of updated asset objects reloaded before import = 0
Number of asset objects unloaded after import = 2
========================================================================
Received Import Request.
  Time since last request: 0.000107 seconds.
  path: Assets/Assets/Characters/Hunter/PNG/Vector Parts/Face_04.png
  artifactKey: Guid(c1b0f94b8fd5c3347ab47847bd5b6f2b) Importer(815301076,1909f56bfc062723c751e8b465ee728b)
Start importing Assets/Assets/Characters/Hunter/PNG/Vector Parts/Face_04.png using Guid(c1b0f94b8fd5c3347ab47847bd5b6f2b) Importer(815301076,1909f56bfc062723c751e8b465ee728b)  -> (artifact id: '05a0361ef879b34fa05e815b66d1983d') in 0.025805 seconds
Number of updated asset objects reloaded before import = 0
Number of asset objects unloaded after import = 2
========================================================================
Received Import Request.
  Time since last request: 0.000051 seconds.
  path: Assets/Assets/Characters/Hunter/PNG/Vector Parts/Right_Leg.png
  artifactKey: Guid(fb0f5390090617a46be7448399615eed) Importer(815301076,1909f56bfc062723c751e8b465ee728b)
Start importing Assets/Assets/Characters/Hunter/PNG/Vector Parts/Right_Leg.png using Guid(fb0f5390090617a46be7448399615eed) Importer(815301076,1909f56bfc062723c751e8b465ee728b)  -> (artifact id: '2fcc2e7f387182ff818bd1a05721e0d2') in 0.024416 seconds
Number of updated asset objects reloaded before import = 0
Number of asset objects unloaded after import = 2
========================================================================
Received Import Request.
  Time since last request: 0.000024 seconds.
  path: Assets/Assets/Characters/Hunter/PNG/Vector Parts/Left_Leg.png
  artifactKey: Guid(27327b909a5b3d244b83cc3703f5df2d) Importer(815301076,1909f56bfc062723c751e8b465ee728b)
Start importing Assets/Assets/Characters/Hunter/PNG/Vector Parts/Left_Leg.png using Guid(27327b909a5b3d244b83cc3703f5df2d) Importer(815301076,1909f56bfc062723c751e8b465ee728b)  -> (artifact id: 'ddddef1122e2a83df94928726cab44ad') in 0.020577 seconds
Number of updated asset objects reloaded before import = 0
Number of asset objects unloaded after import = 2
========================================================================
Received Import Request.
  Time since last request: 0.000033 seconds.
  path: Assets/Assets/Characters/Hunter/PNG/Vector Parts/Face_09.png
  artifactKey: Guid(1bcce04c52a6c964ab0e88cd37cd05d0) Importer(815301076,1909f56bfc062723c751e8b465ee728b)
Start importing Assets/Assets/Characters/Hunter/PNG/Vector Parts/Face_09.png using Guid(1bcce04c52a6c964ab0e88cd37cd05d0) Importer(815301076,1909f56bfc062723c751e8b465ee728b)  -> (artifact id: '2de5edcbb93911d2e1a6f3edf2d1675c') in 0.024085 seconds
Number of updated asset objects reloaded before import = 0
Number of asset objects unloaded after import = 2
========================================================================
Received Import Request.
  Time since last request: 0.000074 seconds.
  path: Assets/Assets/Characters/Hunter/PNG/Vector Parts/Face_02.png
  artifactKey: Guid(4693cd15c77a53c48b6e49f94a034b53) Importer(815301076,1909f56bfc062723c751e8b465ee728b)
Start importing Assets/Assets/Characters/Hunter/PNG/Vector Parts/Face_02.png using Guid(4693cd15c77a53c48b6e49f94a034b53) Importer(815301076,1909f56bfc062723c751e8b465ee728b)  -> (artifact id: '72429920d58079d809549ad323ed86a2') in 0.022435 seconds
Number of updated asset objects reloaded before import = 0
Number of asset objects unloaded after import = 2
========================================================================
Received Import Request.
  Time since last request: 0.000038 seconds.
  path: Assets/Assets/Characters/Hunter/PNG/Vector Parts/Face_07.png
  artifactKey: Guid(db958b7d0561fea4ab737e1e3b6e09ab) Importer(815301076,1909f56bfc062723c751e8b465ee728b)
Start importing Assets/Assets/Characters/Hunter/PNG/Vector Parts/Face_07.png using Guid(db958b7d0561fea4ab737e1e3b6e09ab) Importer(815301076,1909f56bfc062723c751e8b465ee728b)  -> (artifact id: '7f6ef6001abbba0487fbc445cc0a772f') in 0.019304 seconds
Number of updated asset objects reloaded before import = 0
Number of asset objects unloaded after import = 2
========================================================================
Received Import Request.
  Time since last request: 0.000018 seconds.
  path: Assets/Assets/Characters/Hunter/PNG/Vector Parts/Face_01.png
  artifactKey: Guid(649abbd2fb35aa04984f2d1eb9e985ea) Importer(815301076,1909f56bfc062723c751e8b465ee728b)
Start importing Assets/Assets/Characters/Hunter/PNG/Vector Parts/Face_01.png using Guid(649abbd2fb35aa04984f2d1eb9e985ea) Importer(815301076,1909f56bfc062723c751e8b465ee728b)  -> (artifact id: '0e58281584039683c23d84233d9933f2') in 0.020400 seconds
Number of updated asset objects reloaded before import = 0
Number of asset objects unloaded after import = 2
========================================================================
Received Import Request.
  Time since last request: 0.000023 seconds.
  path: Assets/Assets/Characters/Hunter/PNG/Vector Parts/Right_Arm.png
  artifactKey: Guid(7d4e0d2d8ff02ca4f9dbed864e84a71a) Importer(815301076,1909f56bfc062723c751e8b465ee728b)
Start importing Assets/Assets/Characters/Hunter/PNG/Vector Parts/Right_Arm.png using Guid(7d4e0d2d8ff02ca4f9dbed864e84a71a) Importer(815301076,1909f56bfc062723c751e8b465ee728b)  -> (artifact id: '08e9d32a88df386b20b7e7a1780850be') in 0.020580 seconds
Number of updated asset objects reloaded before import = 0
Number of asset objects unloaded after import = 2
Editor requested this worker to shutdown with reason: Scaling down because of idle timeout
TcpMessagingSession - receive error: operation aborted. errorcode: 995, details: The I/O operation has been aborted because of either a thread exit or an application request.
AssetImportWorker is now disconnected from the server
Process exiting
Exiting without the bug reporter. Application will terminate with return code 0